Flow report for MidiSynth
Wed Feb 29 14:22:23 2012
Quartus II Version 10.1 Build 197 01/19/2011 Service Pack 1 SJ Web Edition


---------------------
; Table of Contents ;
---------------------
  1. Legal Notice
  2. Flow Summary
  3. Flow Settings
  4. Flow Non-Default Global Settings
  5. Flow Elapsed Time
  6. Flow OS Summary
  7. Flow Log



----------------
; Legal Notice ;
----------------
Copyright (C) 1991-2011 Altera Corporation
Your use of Altera Corporation's design tools, logic functions 
and other software and tools, and its AMPP partner logic 
functions, and any output files from any of the foregoing 
(including device programming or simulation files), and any 
associated documentation or information are expressly subject 
to the terms and conditions of the Altera Program License 
Subscription Agreement, Altera MegaCore Function License 
Agreement, or other applicable license agreement, including, 
without limitation, that your use is for the sole purpose of 
programming logic devices manufactured by Altera and sold by 
Altera or its authorized distributors.  Please refer to the 
applicable agreement for further details.



+------------------------------------------------------------------------------------+
; Flow Summary                                                                       ;
+------------------------------------+-----------------------------------------------+
; Flow Status                        ; Successful - Wed Feb 29 14:22:19 2012         ;
; Quartus II Version                 ; 10.1 Build 197 01/19/2011 SP 1 SJ Web Edition ;
; Revision Name                      ; MidiSynth                                     ;
; Top-level Entity Name              ; DE1_Audio_AdcDac                              ;
; Family                             ; Cyclone II                                    ;
; Device                             ; EP2C35F672C6                                  ;
; Timing Models                      ; Final                                         ;
; Total logic elements               ; 5,812 / 33,216 ( 17 % )                       ;
;     Total combinational functions  ; 5,637 / 33,216 ( 17 % )                       ;
;     Dedicated logic registers      ; 1,536 / 33,216 ( 5 % )                        ;
; Total registers                    ; 1588                                          ;
; Total pins                         ; 145 / 475 ( 31 % )                            ;
; Total virtual pins                 ; 0                                             ;
; Total memory bits                  ; 371,712 / 483,840 ( 77 % )                    ;
; Embedded Multiplier 9-bit elements ; 0 / 70 ( 0 % )                                ;
; Total PLLs                         ; 2 / 4 ( 50 % )                                ;
+------------------------------------+-----------------------------------------------+


+-----------------------------------------+
; Flow Settings                           ;
+-------------------+---------------------+
; Option            ; Setting             ;
+-------------------+---------------------+
; Start date & time ; 02/29/2012 14:21:21 ;
; Main task         ; Compilation         ;
; Revision Name     ; MidiSynth           ;
+-------------------+---------------------+


+--------------------------------------------------------------------------------------------------------------------------------------------------------+
; Flow Non-Default Global Settings                                                                                                                       ;
+-------------------------------------+------------------------------------------------------------------+---------------+------------------+------------+
; Assignment Name                     ; Value                                                            ; Default Value ; Entity Name      ; Section Id ;
+-------------------------------------+------------------------------------------------------------------+---------------+------------------+------------+
; COMPILER_SIGNATURE_ID               ; 48549626554605.133055048105318                                   ; --            ; --               ; --         ;
; MAX_CORE_JUNCTION_TEMP              ; 85                                                               ; --            ; --               ; --         ;
; MIN_CORE_JUNCTION_TEMP              ; 0                                                                ; --            ; --               ; --         ;
; MISC_FILE                           ; /afs/ualberta.ca/home/e/l/elunty/CMPE490/MidiSynth/MidiSynth.dpf ; --            ; --               ; --         ;
; PARTITION_COLOR                     ; 16764057                                                         ; --            ; DE1_Audio_AdcDac ; Top        ;
; PARTITION_FITTER_PRESERVATION_LEVEL ; PLACEMENT_AND_ROUTING                                            ; --            ; DE1_Audio_AdcDac ; Top        ;
; PARTITION_NETLIST_TYPE              ; SOURCE                                                           ; --            ; DE1_Audio_AdcDac ; Top        ;
; POWER_BOARD_THERMAL_MODEL           ; None (CONSERVATIVE)                                              ; --            ; --               ; --         ;
; POWER_PRESET_COOLING_SOLUTION       ; 23 MM HEAT SINK WITH 200 LFPM AIRFLOW                            ; --            ; --               ; --         ;
; SOPC_BUILDER_SIGNATURE_ID           ; 005056C0000800000135C132ECF4                                     ; --            ; --               ; --         ;
; TOP_LEVEL_ENTITY                    ; DE1_Audio_AdcDac                                                 ; MidiSynth     ; --               ; --         ;
; VERILOG_INPUT_VERSION               ; SystemVerilog_2005                                               ; Verilog_2001  ; --               ; --         ;
; VERILOG_SHOW_LMF_MAPPING_MESSAGES   ; Off                                                              ; --            ; --               ; --         ;
; VHDL_INPUT_VERSION                  ; VHDL_2008                                                        ; VHDL_1993     ; --               ; --         ;
; VHDL_SHOW_LMF_MAPPING_MESSAGES      ; Off                                                              ; --            ; --               ; --         ;
+-------------------------------------+------------------------------------------------------------------+---------------+------------------+------------+


+-------------------------------------------------------------------------------------------------------------------------------+
; Flow Elapsed Time                                                                                                             ;
+---------------------------+--------------+-------------------------+---------------------+------------------------------------+
; Module Name               ; Elapsed Time ; Average Processors Used ; Peak Virtual Memory ; Total CPU Time (on all processors) ;
+---------------------------+--------------+-------------------------+---------------------+------------------------------------+
; Analysis & Synthesis      ; 00:00:29     ; 1.0                     ; --                  ; 00:00:28                           ;
; Fitter                    ; 00:00:18     ; 1.0                     ; --                  ; 00:00:18                           ;
; Assembler                 ; 00:00:03     ; 1.0                     ; --                  ; 00:00:02                           ;
; TimeQuest Timing Analyzer ; 00:00:08     ; 1.0                     ; --                  ; 00:00:05                           ;
; Total                     ; 00:00:58     ; --                      ; --                  ; 00:00:53                           ;
+---------------------------+--------------+-------------------------+---------------------+------------------------------------+


+-------------------------------------------------------------------------------------------------------+
; Flow OS Summary                                                                                       ;
+---------------------------+--------------------------+------------------+------------+----------------+
; Module Name               ; Machine Hostname         ; OS Name          ; OS Version ; Processor type ;
+---------------------------+--------------------------+------------------+------------+----------------+
; Analysis & Synthesis      ; e3-11-13.ece.ualberta.ca ; Scientific Linux ; 6          ; x86_64         ;
; Fitter                    ; e3-11-13.ece.ualberta.ca ; Scientific Linux ; 6          ; x86_64         ;
; Assembler                 ; e3-11-13.ece.ualberta.ca ; Scientific Linux ; 6          ; x86_64         ;
; TimeQuest Timing Analyzer ; e3-11-13.ece.ualberta.ca ; Scientific Linux ; 6          ; x86_64         ;
+---------------------------+--------------------------+------------------+------------+----------------+


------------
; Flow Log ;
------------
quartus_map --read_settings_files=on --write_settings_files=off MidiSynth -c MidiSynth
quartus_fit --read_settings_files=off --write_settings_files=off MidiSynth -c MidiSynth
quartus_asm --read_settings_files=off --write_settings_files=off MidiSynth -c MidiSynth
quartus_sta MidiSynth -c MidiSynth



